<?xml version="1.0" encoding="UTF-8"?>
<testng-results skipped="0" failed="0" total="1" passed="1">
  <reporter-output>
  </reporter-output>
  <suite name="Suite" duration-ms="31" started-at="2017-04-26T09:04:40Z" finished-at="2017-04-26T09:04:40Z">
    <groups>
    </groups>
    <test name="Test" duration-ms="31" started-at="2017-04-26T09:04:40Z" finished-at="2017-04-26T09:04:40Z">
      <class name="script.Test1">
        <test-method status="PASS" signature="dummy()[pri:0, instance:script.Test1@1cab0bfb]" name="dummy" duration-ms="9" started-at="2017-04-26T14:34:40Z" finished-at="2017-04-26T14:34:40Z">
          <reporter-output>
          </reporter-output>
        </test-method> <!-- dummy -->
      </class> <!-- script.Test1 -->
    </test> <!-- Test -->
  </suite> <!-- Suite -->
</testng-results>
